[2020-07-20T11:15:19.019Z] [com.example.demo.Application] [main] [25] [INFO ] this is a info message
[2020-07-20T11:15:19.019Z] [com.example.demo.Application] [main] [26] [WARN ] this is a warn message
[2020-07-20T11:15:19.019Z] [com.example.demo.Application] [main] [27] [ERROR] this is a error message
[2020-07-20T11:15:22.022Z] [org.springframework.boot.autoconfigure.orm.jpa.JpaBaseConfiguration$JpaWebConfiguration] [main] [220] [WARN ] spring.jpa.open-in-view is enabled by default. Therefore, database queries may be performed during view rendering. Explicitly configure spring.jpa.open-in-view to disable this warning
[2020-07-20T11:15:22.022Z] [org.springframework.web.servlet.mvc.method.annotation.RequestMappingHandlerAdapter] [main] [615] [DEBUG] ControllerAdvice beans: 0 @ModelAttribute, 0 @InitBinder, 1 RequestBodyAdvice, 1 ResponseBodyAdvice
[2020-07-20T11:15:22.022Z] [org.springframework.web.servlet.handler.AbstractHandlerMethodMapping] [main] [351] [DEBUG] 25 mappings in 'requestMappingHandlerMapping'
[2020-07-20T11:15:22.022Z] [org.springframework.web.servlet.handler.SimpleUrlHandlerMapping] [main] [173] [DEBUG] Patterns [/webjars/**, /**] in 'resourceHandlerMapping'
[2020-07-20T11:15:22.022Z] [org.springframework.web.servlet.mvc.method.annotation.ExceptionHandlerExceptionResolver] [main] [297] [DEBUG] ControllerAdvice beans: 1 @ExceptionHandler, 1 ResponseBodyAdvice
[2020-07-20T11:15:59.059Z] [com.example.demo.Application] [main] [25] [INFO ] this is a info message
[2020-07-20T11:15:59.059Z] [com.example.demo.Application] [main] [26] [WARN ] this is a warn message
[2020-07-20T11:15:59.059Z] [com.example.demo.Application] [main] [27] [ERROR] this is a error message
[2020-07-20T11:16:00.000Z] [org.springframework.boot.StartupInfoLogger] [main] [55] [INFO ] Starting Application on DESKTOP-OUDQFQT with PID 576 (C:\Users\mussw\IdeaProjects\Intern2020\backend\app\build\classes\java\main started by mussw in C:\Users\mussw\IdeaProjects\Intern2020\backend\app)
[2020-07-20T11:16:00.000Z] [org.springframework.boot.SpringApplication] [main] [651] [INFO ] No active profile set, falling back to default profiles: default
[2020-07-20T11:16:00.000Z] [org.springframework.data.repository.config.RepositoryConfigurationDelegate] [main] [127] [INFO ] Bootstrapping Spring Data JPA repositories in DEFERRED mode.
[2020-07-20T11:16:01.001Z] [org.springframework.data.repository.config.RepositoryConfigurationDelegate] [main] [187] [INFO ] Finished Spring Data repository scanning in 64ms. Found 3 JPA repository interfaces.
[2020-07-20T11:16:01.001Z] [org.springframework.boot.web.embedded.tomcat.TomcatWebServer] [main] [108] [INFO ] Tomcat initialized with port(s): 8080 (http)
[2020-07-20T11:16:01.001Z] [org.apache.juli.logging.DirectJDKLog] [main] [173] [INFO ] Initializing ProtocolHandler ["http-nio-8080"]
[2020-07-20T11:16:01.001Z] [org.apache.juli.logging.DirectJDKLog] [main] [173] [INFO ] Starting service [Tomcat]
[2020-07-20T11:16:01.001Z] [org.apache.juli.logging.DirectJDKLog] [main] [173] [INFO ] Starting Servlet engine: [Apache Tomcat/9.0.36]
[2020-07-20T11:16:01.001Z] [org.apache.juli.logging.DirectJDKLog] [main] [173] [INFO ] Initializing Spring embedded WebApplicationContext
[2020-07-20T11:16:01.001Z] [org.springframework.boot.web.servlet.context.ServletWebServerApplicationContext] [main] [285] [INFO ] Root WebApplicationContext: initialization completed in 1608 ms
[2020-07-20T11:16:01.001Z] [org.springframework.scheduling.concurrent.ExecutorConfigurationSupport] [main] [181] [INFO ] Initializing ExecutorService 'applicationTaskExecutor'
[2020-07-20T11:16:02.002Z] [org.hibernate.jpa.internal.util.LogHelper] [task-1] [31] [INFO ] HHH000204: Processing PersistenceUnitInfo [name: default]
[2020-07-20T11:16:02.002Z] [org.hibernate.Version] [task-1] [44] [INFO ] HHH000412: Hibernate ORM core version 5.4.17.Final
[2020-07-20T11:16:02.002Z] [org.springframework.boot.autoconfigure.orm.jpa.JpaBaseConfiguration$JpaWebConfiguration] [main] [220] [WARN ] spring.jpa.open-in-view is enabled by default. Therefore, database queries may be performed during view rendering. Explicitly configure spring.jpa.open-in-view to disable this warning
[2020-07-20T11:16:02.002Z] [org.hibernate.annotations.common.reflection.java.JavaReflectionManager] [task-1] [49] [INFO ] HCANN000001: Hibernate Commons Annotations {5.1.0.Final}
[2020-07-20T11:16:02.002Z] [com.zaxxer.hikari.HikariDataSource] [task-1] [110] [INFO ] HikariPool-1 - Starting...
[2020-07-20T11:16:02.002Z] [org.apache.juli.logging.DirectJDKLog] [main] [173] [INFO ] Starting ProtocolHandler ["http-nio-8080"]
[2020-07-20T11:16:02.002Z] [org.springframework.boot.web.embedded.tomcat.TomcatWebServer] [main] [220] [INFO ] Tomcat started on port(s): 8080 (http) with context path ''
[2020-07-20T11:16:02.002Z] [org.springframework.data.repository.config.DeferredRepositoryInitializationListener] [main] [49] [INFO ] Triggering deferred initialization of Spring Data repositories…
[2020-07-20T11:16:02.002Z] [com.zaxxer.hikari.HikariDataSource] [task-1] [123] [INFO ] HikariPool-1 - Start completed.
[2020-07-20T11:16:02.002Z] [org.hibernate.dialect.Dialect] [task-1] [172] [INFO ] HHH000400: Using dialect: org.hibernate.dialect.PostgreSQL95Dialect
[2020-07-20T11:16:04.004Z] [org.hibernate.engine.transaction.jta.platform.internal.JtaPlatformInitiator] [task-1] [52] [INFO ] HHH000490: Using JtaPlatform implementation: [org.hibernate.engine.transaction.jta.platform.internal.NoJtaPlatform]
[2020-07-20T11:16:04.004Z] [org.springframework.orm.jpa.AbstractEntityManagerFactoryBean] [task-1] [416] [INFO ] Initialized JPA EntityManagerFactory for persistence unit 'default'
[2020-07-20T11:16:04.004Z] [org.springframework.data.repository.config.DeferredRepositoryInitializationListener] [main] [53] [INFO ] Spring Data repositories initialized!
[2020-07-20T11:16:04.004Z] [org.springframework.boot.StartupInfoLogger] [main] [61] [INFO ] Started Application in 4.73 seconds (JVM running for 6.365)
